TN:
SF:/Users/elliot/Xcode/eagle/eagle/EagleData.c
FN:4,EagleData_Int
DA:4,2
DA:6,2
DA:7,2
DA:8,2
LF:4
LH:4
end_of_record
TN:
SF:/Users/elliot/Xcode/eagle/eagle/EagleInstance.c
FN:5,EagleInstance_New
FN:13,EagleInstance_run
FN:24,EagleInstance_addPlan
FN:29,EagleInstance_nextJob
DA:5,0
DA:7,0
DA:8,0
DA:9,0
DA:10,0
DA:13,0
DA:16,0
DA:17,0
DA:20,0
DA:21,0
DA:22,0
DA:24,0
DA:26,0
DA:27,0
DA:29,0
DA:32,0
DA:34,0
DA:35,0
DA:37,0
DA:38,0
DA:40,0
DA:41,0
DA:42,0
DA:44,0
DA:45,0
DA:47,0
DA:48,0
DA:49,0
BA:37,0
BA:37,0
BA:40,0
BA:40,0
LF:28
LH:0
end_of_record
TN:
SF:/Users/elliot/Xcode/eagle/eagle/EaglePage.c
FN:4,EaglePage_New
FN:14,EaglePage_Alloc
DA:4,7
DA:6,7
DA:8,7
DA:9,7
DA:11,7
DA:14,7
DA:16,7
DA:17,7
LF:8
LH:8
end_of_record
TN:
SF:/Users/elliot/Xcode/eagle/eagle/EaglePageOperations.c
FN:6,EaglePageOperations_LessThanInt
FN:16,EaglePageOperations_GreaterThanInt
FN:26,EaglePageOperations_AndPage
DA:6,1
DA:8,1
DA:11,2002
DA:12,1000
DA:13,1000
DA:14,1
DA:16,1
DA:18,1
DA:21,2002
DA:22,1000
DA:23,1000
DA:24,1
DA:26,1
DA:28,1
DA:31,2002
DA:32,1516
DA:33,1000
DA:34,1
BA:11,2
BA:11,2
BA:21,2
BA:21,2
BA:31,2
BA:31,2
BA:32,2
BA:32,2
LF:18
LH:18
end_of_record
TN:
SF:/Users/elliot/Xcode/eagle/eagle/EaglePageProvider.c
FN:5,EaglePageProvider_New
FN:20,EaglePageProvider_CreateFromIntStream
FN:30,EaglePageProvider_CreateFromPageReceiver
FN:43,EaglePageProvider_pagesRemaining
FN:48,EaglePageProvider_TotalPages
FN:57,EaglePageProvider_pagesRemainingFromStream_
FN:62,EaglePageProvider_pagesRemainingFromReceiver_
FN:68,EaglePageProvider_nextPage
FN:73,EaglePageProvider_nextPageFromStream_
FN:84,EaglePageProvider_nextPageFromReceiver_
DA:5,0
DA:7,0
DA:9,0
DA:10,0
DA:11,0
DA:12,0
DA:13,0
DA:14,0
DA:15,0
DA:17,0
DA:20,0
DA:22,0
DA:24,0
DA:25,0
DA:27,0
DA:30,0
DA:32,0
DA:34,0
DA:35,0
DA:38,0
DA:40,0
DA:43,0
DA:45,0
DA:48,0
DA:50,0
DA:51,0
DA:52,0
DA:53,0
DA:54,0
DA:57,0
DA:59,0
DA:62,0
DA:64,0
DA:65,0
DA:68,0
DA:70,0
DA:73,0
DA:75,0
DA:76,0
DA:78,0
DA:79,0
DA:81,0
DA:84,0
DA:86,0
DA:87,0
DA:89,0
DA:90,0
DA:92,0
LF:48
LH:0
end_of_record
TN:
SF:/Users/elliot/Xcode/eagle/eagle/EaglePageReceiver.c
FN:5,EaglePageReceiver_New
FN:14,EaglePageReceiver_pushInt
DA:7,0
DA:8,0
DA:9,0
DA:10,0
DA:11,0
DA:14,0
DA:16,0
DA:17,0
LF:8
LH:0
end_of_record
TN:
SF:/Applications/Xcode.app/Contents/Developer/Platforms/MacOSX.platform/Developer/SDKs/MacOSX10.8.sdk/usr/include/secure/_string.h
FN:140,__inline_strcat_chk
DA:140,0
DA:142,0
LF:2
LH:0
end_of_record
SF:/Users/elliot/Xcode/eagle/eagle/EaglePlan.c
FN:5,EaglePlan_New
FN:22,EaglePlan_addOperation
FN:27,EaglePlan_addBufferProvider
FN:32,EaglePlan_toString
DA:5,0
DA:7,0
DA:9,0
DA:11,0
DA:12,0
DA:13,0
DA:15,0
DA:16,0
DA:17,0
DA:19,0
DA:22,0
DA:24,0
DA:25,0
DA:27,0
DA:29,0
DA:30,0
DA:32,0
DA:34,0
DA:35,0
DA:36,0
DA:37,0
DA:38,0
DA:39,0
DA:40,0
DA:41,0
DA:42,0
BA:37,0
BA:37,0
BA:38,0
BA:38,0
BA:39,0
BA:39,0
BA:40,0
BA:40,0
LF:26
LH:0
end_of_record
TN:
SF:/Users/elliot/Xcode/eagle/eagle/EaglePlanBufferProvider.c
FN:4,EaglePlanBufferProvider_New
DA:4,0
DA:6,0
DA:7,0
DA:8,0
DA:9,0
LF:5
LH:0
end_of_record
TN:
SF:/Users/elliot/Xcode/eagle/eagle/EaglePlanJob.c
FN:4,EaglePlanJob_New
DA:4,0
DA:6,0
DA:8,0
DA:11,0
DA:12,0
DA:13,0
DA:14,0
DA:15,0
DA:17,0
BA:13,0
BA:13,0
LF:9
LH:0
end_of_record
TN:
SF:/Users/elliot/Xcode/eagle/eagle/EaglePlanOperation.c
FN:5,EaglePlanOperation_NewType
FN:17,EaglePlanOperation_New
FN:22,EaglePlanOperation_NewPage
FN:27,EaglePlanOperation_toString
DA:5,0
DA:7,0
DA:8,0
DA:9,0
DA:10,0
DA:11,0
DA:12,0
DA:13,0
DA:14,0
DA:17,0
DA:19,0
DA:22,0
DA:24,0
DA:27,0
DA:29,0
LF:15
LH:0
end_of_record
TN:
SF:/Users/elliot/Xcode/eagle/eagle/EagleWorker.c
FN:7,EagleWorker_New
FN:16,EagleWorker_begin
FN:58,EagleWorker_start
FN:65,EagleWorker_join
DA:7,0
DA:9,0
DA:10,0
DA:11,0
DA:12,0
DA:13,0
DA:16,0
DA:18,0
DA:20,0
DA:22,0
DA:25,0
DA:27,0
DA:28,0
DA:31,0
DA:32,0
DA:33,0
DA:36,0
DA:37,0
DA:38,0
DA:39,0
DA:40,0
DA:43,0
DA:44,0
DA:46,0
DA:47,0
DA:48,0
DA:50,0
DA:51,0
DA:53,0
DA:58,0
DA:60,0
DA:61,0
DA:62,0
DA:63,0
DA:65,0
DA:67,0
DA:68,0
BA:25,0
BA:25,0
BA:27,0
BA:27,0
BA:31,0
BA:31,0
BA:36,0
BA:36,0
BA:43,0
BA:43,0
BA:44,0
BA:44,0
LF:37
LH:0
end_of_record
TN:
SF:/Users/elliot/Xcode/eagle/eagle/EagleWorkers.c
FN:4,EagleWorkers_New
FN:15,EagleWorkers_start
FN:22,EagleWorkers_joinAll
DA:4,0
DA:6,0
DA:7,0
DA:8,0
DA:9,0
DA:10,0
DA:11,0
DA:12,0
DA:15,0
DA:17,0
DA:18,0
DA:19,0
DA:20,0
DA:22,0
DA:24,0
DA:25,0
DA:26,0
DA:27,0
BA:8,0
BA:8,0
BA:17,0
BA:17,0
BA:24,0
BA:24,0
LF:18
LH:0
end_of_record
